{"C:\\Users\\chinedu\\Desktop\\qa‑todo-app\\backend\\app.js": {"path":"C:\\Users\\chinedu\\Desktop\\qa‑todo-app\\backend\\app.js","statementMap":{"0":{"start":{"line":1,"column":16},"end":{"line":1,"column":34}},"1":{"start":{"line":2,"column":13},"end":{"line":2,"column":28}},"2":{"start":{"line":3,"column":19},"end":{"line":3,"column":41}},"3":{"start":{"line":4,"column":12},"end":{"line":4,"column":21}},"4":{"start":{"line":5,"column":0},"end":{"line":5,"column":16}},"5":{"start":{"line":6,"column":0},"end":{"line":6,"column":27}},"6":{"start":{"line":8,"column":12},"end":{"line":8,"column":14}},"7":{"start":{"line":9,"column":18},"end":{"line":9,"column":73}},"8":{"start":{"line":11,"column":0},"end":{"line":18,"column":3}},"9":{"start":{"line":12,"column":30},"end":{"line":12,"column":38}},"10":{"start":{"line":13,"column":2},"end":{"line":17,"column":3}},"11":{"start":{"line":14,"column":4},"end":{"line":14,"column":42}},"12":{"start":{"line":16,"column":4},"end":{"line":16,"column":61}},"13":{"start":{"line":20,"column":0},"end":{"line":20,"column":49}},"14":{"start":{"line":20,"column":32},"end":{"line":20,"column":47}},"15":{"start":{"line":22,"column":0},"end":{"line":26,"column":3}},"16":{"start":{"line":23,"column":15},"end":{"line":23,"column":54}},"17":{"start":{"line":24,"column":2},"end":{"line":24,"column":19}},"18":{"start":{"line":25,"column":2},"end":{"line":25,"column":29}},"19":{"start":{"line":28,"column":0},"end":{"line":34,"column":3}},"20":{"start":{"line":29,"column":13},"end":{"line":29,"column":36}},"21":{"start":{"line":30,"column":16},"end":{"line":30,"column":49}},"22":{"start":{"line":30,"column":37},"end":{"line":30,"column":48}},"23":{"start":{"line":31,"column":2},"end":{"line":31,"column":74}},"24":{"start":{"line":31,"column":20},"end":{"line":31,"column":74}},"25":{"start":{"line":32,"column":2},"end":{"line":32,"column":36}},"26":{"start":{"line":33,"column":2},"end":{"line":33,"column":25}},"27":{"start":{"line":36,"column":0},"end":{"line":40,"column":3}},"28":{"start":{"line":37,"column":13},"end":{"line":37,"column":36}},"29":{"start":{"line":38,"column":2},"end":{"line":38,"column":41}},"30":{"start":{"line":38,"column":28},"end":{"line":38,"column":39}},"31":{"start":{"line":39,"column":2},"end":{"line":39,"column":35}},"32":{"start":{"line":42,"column":0},"end":{"line":42,"column":21}},"33":{"start":{"line":44,"column":0},"end":{"line":46,"column":1}},"34":{"start":{"line":45,"column":2},"end":{"line":45,"column":78}},"35":{"start":{"line":45,"column":25},"end":{"line":45,"column":76}}},"fnMap":{"0":{"name":"(anonymous_0)","decl":{"start":{"line":11,"column":19},"end":{"line":11,"column":20}},"loc":{"start":{"line":11,"column":33},"end":{"line":18,"column":1}},"line":11},"1":{"name":"(anonymous_1)","decl":{"start":{"line":20,"column":18},"end":{"line":20,"column":19}},"loc":{"start":{"line":20,"column":32},"end":{"line":20,"column":47}},"line":20},"2":{"name":"(anonymous_2)","decl":{"start":{"line":22,"column":19},"end":{"line":22,"column":20}},"loc":{"start":{"line":22,"column":33},"end":{"line":26,"column":1}},"line":22},"3":{"name":"(anonymous_3)","decl":{"start":{"line":28,"column":22},"end":{"line":28,"column":23}},"loc":{"start":{"line":28,"column":36},"end":{"line":34,"column":1}},"line":28},"4":{"name":"(anonymous_4)","decl":{"start":{"line":30,"column":32},"end":{"line":30,"column":33}},"loc":{"start":{"line":30,"column":37},"end":{"line":30,"column":48}},"line":30},"5":{"name":"(anonymous_5)","decl":{"start":{"line":36,"column":25},"end":{"line":36,"column":26}},"loc":{"start":{"line":36,"column":39},"end":{"line":40,"column":1}},"line":36},"6":{"name":"(anonymous_6)","decl":{"start":{"line":38,"column":23},"end":{"line":38,"column":24}},"loc":{"start":{"line":38,"column":28},"end":{"line":38,"column":39}},"line":38},"7":{"name":"(anonymous_7)","decl":{"start":{"line":45,"column":19},"end":{"line":45,"column":20}},"loc":{"start":{"line":45,"column":25},"end":{"line":45,"column":76}},"line":45}},"branchMap":{"0":{"loc":{"start":{"line":13,"column":2},"end":{"line":17,"column":3}},"type":"if","locations":[{"start":{"line":13,"column":2},"end":{"line":17,"column":3}},{"start":{"line":15,"column":9},"end":{"line":17,"column":3}}],"line":13},"1":{"loc":{"start":{"line":13,"column":6},"end":{"line":13,"column":66}},"type":"binary-expr","locations":[{"start":{"line":13,"column":6},"end":{"line":13,"column":31}},{"start":{"line":13,"column":35},"end":{"line":13,"column":66}}],"line":13},"2":{"loc":{"start":{"line":31,"column":2},"end":{"line":31,"column":74}},"type":"if","locations":[{"start":{"line":31,"column":2},"end":{"line":31,"column":74}},{"start":{},"end":{}}],"line":31},"3":{"loc":{"start":{"line":44,"column":0},"end":{"line":46,"column":1}},"type":"if","locations":[{"start":{"line":44,"column":0},"end":{"line":46,"column":1}},{"start":{},"end":{}}],"line":44}},"s":{"0":1,"1":1,"2":1,"3":1,"4":1,"5":1,"6":1,"7":1,"8":1,"9":2,"10":2,"11":1,"12":1,"13":1,"14":0,"15":1,"16":1,"17":1,"18":1,"19":1,"20":0,"21":0,"22":0,"23":0,"24":0,"25":0,"26":0,"27":1,"28":0,"29":0,"30":0,"31":0,"32":1,"33":1,"34":0,"35":0},"f":{"0":2,"1":0,"2":1,"3":0,"4":0,"5":0,"6":0,"7":0},"b":{"0":[1,1],"1":[2,1],"2":[0,0],"3":[0,1]},"_coverageSchema":"1a1c01bbd47fc00a2c39e90264f33305004495a9","hash":"cd5bc7a4d056d4da679666802ab6470be1ece9ac"}
}
